0 info it worked if it ends with ok
1 verbose cli [ 'C:\\Program Files\\nodejs\\node.exe',
1 verbose cli   'C:\\Program Files\\nodejs\\node_modules\\npm\\bin\\npm-cli.js',
1 verbose cli   'publish' ]
2 info using npm@2.15.5
3 info using node@v4.4.5
4 verbose publish [ '.' ]
5 silly cache add args [ '.', null ]
6 verbose cache add spec .
7 silly cache add parsed spec Result {
7 silly cache add   raw: '.',
7 silly cache add   scope: null,
7 silly cache add   name: null,
7 silly cache add   rawSpec: '.',
7 silly cache add   spec: 'D:\\文档\\github\\atom-study-package\\monitor2_login-xiankui',
7 silly cache add   type: 'directory' }
8 verbose addLocalDirectory C:\Users\lishe\AppData\Roaming\npm-cache\monitorlogin\0.1.3\package.tgz not in flight; packing
9 verbose correctMkdir C:\Users\lishe\AppData\Roaming\npm-cache correctMkdir not in flight; initializing
10 verbose tar pack [ 'C:\\Users\\lishe\\AppData\\Roaming\\npm-cache\\monitorlogin\\0.1.3\\package.tgz',
10 verbose tar pack   'D:\\文档\\github\\atom-study-package\\monitor2_login-xiankui' ]
11 verbose tarball C:\Users\lishe\AppData\Roaming\npm-cache\monitorlogin\0.1.3\package.tgz
12 verbose folder D:\文档\github\atom-study-package\monitor2_login-xiankui
13 info prepublish monitorlogin@0.1.3
14 verbose addLocalTarball adding from inside cache C:\Users\lishe\AppData\Roaming\npm-cache\monitorlogin\0.1.3\package.tgz
15 verbose correctMkdir C:\Users\lishe\AppData\Roaming\npm-cache correctMkdir not in flight; initializing
16 silly cache afterAdd monitorlogin@0.1.3
17 verbose afterAdd C:\Users\lishe\AppData\Roaming\npm-cache\monitorlogin\0.1.3\package\package.json not in flight; writing
18 verbose correctMkdir C:\Users\lishe\AppData\Roaming\npm-cache correctMkdir not in flight; initializing
19 verbose afterAdd C:\Users\lishe\AppData\Roaming\npm-cache\monitorlogin\0.1.3\package\package.json written
20 silly publish { name: 'monitorlogin',
20 silly publish   main: './lib/main',
20 silly publish   version: '0.1.3',
20 silly publish   description: '监控登录模块',
20 silly publish   keywords: [],
20 silly publish   repository:
20 silly publish    { type: 'git',
20 silly publish      url: 'http://172.1.128.150/monitor2_client/monitor2_login' },
20 silly publish   license: 'MIT',
20 silly publish   engines: { atom: '>=1.0.0 <2.0.0' },
20 silly publish   dependencies:
20 silly publish    { 'atom-space-pen-views': '^2.1.1',
20 silly publish      'underscore-plus': '^1.0.6',
20 silly publish      'space-pen': '^5.1.2',
20 silly publish      'socket.io-client': '^1.4.6' },
20 silly publish   devDependencies: { coffeelint: '^1.9.7' },
20 silly publish   readme: '# monitor-login package\r\n\r\n监控登录模块\r\n',
20 silly publish   readmeFilename: 'README.md',
20 silly publish   _id: 'monitorlogin@0.1.3',
20 silly publish   scripts: {},
20 silly publish   _shasum: '0ea85b2cf5e92bc6141cd66df52fdb44c98b1b6b',
20 silly publish   _from: '.' }
21 verbose getPublishConfig undefined
22 silly mapToRegistry name monitorlogin
23 silly mapToRegistry using default registry
24 silly mapToRegistry registry http://localhost:4873/
25 silly mapToRegistry data Result {
25 silly mapToRegistry   raw: 'monitorlogin',
25 silly mapToRegistry   scope: null,
25 silly mapToRegistry   name: 'monitorlogin',
25 silly mapToRegistry   rawSpec: '',
25 silly mapToRegistry   spec: 'latest',
25 silly mapToRegistry   type: 'tag' }
26 silly mapToRegistry uri http://localhost:4873/monitorlogin
27 verbose publish registryBase http://localhost:4873/
28 silly publish uploading C:\Users\lishe\AppData\Roaming\npm-cache\monitorlogin\0.1.3\package.tgz
29 verbose request uri http://localhost:4873/monitorlogin
30 verbose request sending authorization for write operation
31 info attempt registry request try #1 at 20:29:08
32 verbose request using bearer token for auth
33 verbose request id 399f9e4e6a30bdda
34 http request PUT http://localhost:4873/monitorlogin
35 http 413 http://localhost:4873/monitorlogin
36 verbose headers { 'x-powered-by': 'Sinopia/1.4.0',
36 verbose headers   'content-type': 'application/json; charset=utf-8',
36 verbose headers   'content-length': '42',
36 verbose headers   vary: 'Accept-Encoding',
36 verbose headers   'x-status-cat': 'http://flic.kr/p/aV6jHZ',
36 verbose headers   date: 'Wed, 13 Jul 2016 12:29:09 GMT',
36 verbose headers   connection: 'keep-alive' }
37 verbose request invalidating C:\Users\lishe\AppData\Roaming\npm-cache\localhost_4873\monitorlogin on PUT
38 error publish Failed PUT 413
39 verbose stack Error: request entity too large : monitorlogin
39 verbose stack     at makeError (C:\Program Files\nodejs\node_modules\npm\node_modules\npm-registry-client\lib\request.js:264:12)
39 verbose stack     at CachingRegistryClient.<anonymous> (C:\Program Files\nodejs\node_modules\npm\node_modules\npm-registry-client\lib\request.js:252:14)
39 verbose stack     at Request._callback (C:\Program Files\nodejs\node_modules\npm\node_modules\npm-registry-client\lib\request.js:172:14)
39 verbose stack     at Request.self.callback (C:\Program Files\nodejs\node_modules\npm\node_modules\request\request.js:200:22)
39 verbose stack     at emitTwo (events.js:87:13)
39 verbose stack     at Request.emit (events.js:172:7)
39 verbose stack     at Request.<anonymous> (C:\Program Files\nodejs\node_modules\npm\node_modules\request\request.js:1067:10)
39 verbose stack     at emitOne (events.js:82:20)
39 verbose stack     at Request.emit (events.js:169:7)
39 verbose stack     at IncomingMessage.<anonymous> (C:\Program Files\nodejs\node_modules\npm\node_modules\request\request.js:988:12)
40 verbose statusCode 413
41 verbose pkgid monitorlogin
42 verbose cwd D:\文档\github\atom-study-package\monitor2_login-xiankui
43 error Windows_NT 10.0.10240
44 error argv "C:\\Program Files\\nodejs\\node.exe" "C:\\Program Files\\nodejs\\node_modules\\npm\\bin\\npm-cli.js" "publish"
45 error node v4.4.5
46 error npm  v2.15.5
47 error code E413
48 error request entity too large : monitorlogin
49 error If you need help, you may report this error at:
49 error     <https://github.com/npm/npm/issues>
50 verbose exit [ 1, true ]
